<?xml version="1.0" encoding="UTF-8"?>
<testng-results ignored="0" total="1" passed="1" failed="0" skipped="0">
  <reporter-output>
  </reporter-output>
  <suite started-at="2026-02-04T22:11:52 EST" name="GDIT Test Suite" finished-at="2026-02-04T22:12:06 EST" duration-ms="14493">
    <groups>
    </groups>
    <test started-at="2026-02-04T22:11:52 EST" name="LoginTest" finished-at="2026-02-04T22:12:06 EST" duration-ms="14493">
      <class name="com.gdit.testcases.LoginTest">
        <test-method is-config="true" signature="configureLog4j()[pri:0, instance:com.gdit.testcases.LoginTest@2f94c4db]" started-at="2026-02-04T22:11:52 EST" name="configureLog4j" finished-at="2026-02-04T22:11:52 EST" duration-ms="7" status="PASS">
          <reporter-output>
          </reporter-output>
        </test-method> <!-- configureLog4j -->
        <test-method is-config="true" signature="setup()[pri:0, instance:com.gdit.testcases.LoginTest@2f94c4db]" started-at="2026-02-04T22:11:52 EST" name="setup" finished-at="2026-02-04T22:11:55 EST" duration-ms="2560" status="PASS">
          <reporter-output>
          </reporter-output>
        </test-method> <!-- setup -->
        <test-method signature="Login(java.lang.String,java.lang.String)[pri:0, instance:com.gdit.testcases.LoginTest@2f94c4db]" started-at="2026-02-04T22:11:55 EST" name="Login" description="Logitest" data-provider="getdata" finished-at="2026-02-04T22:12:06 EST" duration-ms="11553" status="PASS">
          <params>
            <param index="0">
              <value>
                <![CDATA[zaliva2010@hotmail.com]]>
              </value>
            </param>
            <param index="1">
              <value>
                <![CDATA[Gdit_2025]]>
              </value>
            </param>
          </params>
          <reporter-output>
          </reporter-output>
        </test-method> <!-- Login -->
      </class> <!-- com.gdit.testcases.LoginTest -->
    </test> <!-- LoginTest -->
  </suite> <!-- GDIT Test Suite -->
</testng-results>
